<?xml version="1.0" encoding="UTF-8"?>
<!-- Generated by org.testng.reporters.JUnitReportReporter -->
<testsuite skipped="0" hostname="DESKTOP-OEISQKI" name="com.leaftaps.leads.testcases.TC001_Login" tests="2" failures="0" timestamp="11 Aug 2019 11:07:37 GMT" time="31.813" errors="0">
  <testcase name="runLogin" time="24.101" classname="com.leaftaps.leads.testcases.TC001_Login"/>
  <testcase name="runLogin" time="7.712" classname="com.leaftaps.leads.testcases.TC001_Login"/>
</testsuite> <!-- com.leaftaps.leads.testcases.TC001_Login -->
